../fx2-programmer-lite-2.1-win32/fx2-programmer 0x16C0 0x072F set 0xE600 1
bus-0/\\.\libusb0-0001--0x16c0-0x072f 16C0/072F
Using device vendor id 0x16c0 product id 0x072f
../fx2-programmer-lite-2.1-win32/fx2-programmer 0x16C0 0x072F program ../../firmware/gn3s_firmware.ihx
bus-0/\\.\libusb0-0001--0x16c0-0x072f 16C0/072F
Using device vendor id 0x16c0 product id 0x072f
Using file "../../firmware/gn3s_firmware.ihx"
Programming   6 bytes starting at 0x0000, checksum ok
Programming   3 bytes starting at 0x000b, checksum ok
Programming   3 bytes starting at 0x0013, checksum ok
Programming   3 bytes starting at 0x001b, checksum ok
Programming   3 bytes starting at 0x0023, checksum ok
Programming   3 bytes starting at 0x002b, checksum ok
Programming   3 bytes starting at 0x0033, checksum ok
Programming   3 bytes starting at 0x003b, checksum ok
Programming   3 bytes starting at 0x0043, checksum ok
Programming   3 bytes starting at 0x004b, checksum ok
Programming   3 bytes starting at 0x0053, checksum ok
Programming   3 bytes starting at 0x005b, checksum ok
Programming   3 bytes starting at 0x0063, checksum ok
Programming   1 byte  starting at 0x006b, checksum ok
Programming   9 bytes starting at 0x0080, checksum ok
Programming   8 bytes starting at 0x0089, checksum ok
Programming   8 bytes starting at 0x0091, checksum ok
Programming   8 bytes starting at 0x0099, checksum ok
Programming   8 bytes starting at 0x00a1, checksum ok
Programming   8 bytes starting at 0x00a9, checksum ok
Programming   7 bytes starting at 0x00b1, checksum ok
Programming   9 bytes starting at 0x0100, checksum ok
Programming   8 bytes starting at 0x0109, checksum ok
Programming   8 bytes starting at 0x0111, checksum ok
Programming   8 bytes starting at 0x0119, checksum ok
Programming   8 bytes starting at 0x0121, checksum ok
Programming   8 bytes starting at 0x0129, checksum ok
Programming   8 bytes starting at 0x0131, checksum ok
Programming   8 bytes starting at 0x0139, checksum ok
Programming   8 bytes starting at 0x0141, checksum ok
Programming   8 bytes starting at 0x0149, checksum ok
Programming   8 bytes starting at 0x0151, checksum ok
Programming   8 bytes starting at 0x0159, checksum ok
Programming   8 bytes starting at 0x0161, checksum ok
Programming   8 bytes starting at 0x0169, checksum ok
Programming   8 bytes starting at 0x0171, checksum ok
Programming   7 bytes starting at 0x0179, checksum ok
Programming   3 bytes starting at 0x0180, checksum ok
Programming   3 bytes starting at 0x0bd6, checksum ok
Programming   5 bytes starting at 0x0183, checksum ok
Programming   7 bytes starting at 0x0188, checksum ok
Programming   8 bytes starting at 0x018f, checksum ok
Programming  10 bytes starting at 0x0197, checksum ok
Programming   5 bytes starting at 0x01a1, checksum ok
Programming   5 bytes starting at 0x01a6, checksum ok
Programming   8 bytes starting at 0x01ab, checksum ok
Programming   1 byte  starting at 0x01b3, checksum ok
Programming   8 bytes starting at 0x01b4, checksum ok
Programming   8 bytes starting at 0x01bc, checksum ok
Programming   7 bytes starting at 0x01c4, checksum ok
Programming   3 bytes starting at 0x01cb, checksum ok
Programming  14 bytes starting at 0x01ce, checksum ok
Programming  13 bytes starting at 0x01dc, checksum ok
Programming  14 bytes starting at 0x01e9, checksum ok
Programming  13 bytes starting at 0x01f7, checksum ok
Programming   4 bytes starting at 0x0204, checksum ok
Programming   4 bytes starting at 0x0208, checksum ok
Programming  10 bytes starting at 0x020c, checksum ok
Programming   3 bytes starting at 0x0216, checksum ok
Programming  10 bytes starting at 0x0219, checksum ok
Programming   3 bytes starting at 0x0223, checksum ok
Programming   6 bytes starting at 0x0226, checksum ok
Programming  13 bytes starting at 0x022c, checksum ok
Programming  13 bytes starting at 0x0239, checksum ok
Programming  14 bytes starting at 0x0246, checksum ok
Programming  14 bytes starting at 0x0254, checksum ok
Programming  14 bytes starting at 0x0262, checksum ok
Programming  14 bytes starting at 0x0270, checksum ok
Programming  14 bytes starting at 0x027e, checksum ok
Programming   2 bytes starting at 0x028c, checksum ok
Programming  14 bytes starting at 0x028e, checksum ok
Programming  14 bytes starting at 0x029c, checksum ok
Programming  12 bytes starting at 0x02aa, checksum ok
Programming   4 bytes starting at 0x02b6, checksum ok
Programming   4 bytes starting at 0x02ba, checksum ok
Programming   3 bytes starting at 0x02be, checksum ok
Programming   1 byte  starting at 0x02c1, checksum ok
Programming  13 bytes starting at 0x02c2, checksum ok
Programming  13 bytes starting at 0x02cf, checksum ok
Programming  14 bytes starting at 0x02dc, checksum ok
Programming   7 bytes starting at 0x02ea, checksum ok
Programming   2 bytes starting at 0x02f1, checksum ok
Programming   1 byte  starting at 0x02f3, checksum ok
Programming  14 bytes starting at 0x02f4, checksum ok
Programming  14 bytes starting at 0x0302, checksum ok
Programming  14 bytes starting at 0x0310, checksum ok
Programming  14 bytes starting at 0x031e, checksum ok
Programming  14 bytes starting at 0x032c, checksum ok
Programming  14 bytes starting at 0x033a, checksum ok
Programming  13 bytes starting at 0x0348, checksum ok
Programming  14 bytes starting at 0x0355, checksum ok
Programming  14 bytes starting at 0x0363, checksum ok
Programming  10 bytes starting at 0x0371, checksum ok
Programming   1 byte  starting at 0x037b, checksum ok
Programming  14 bytes starting at 0x037c, checksum ok
Programming  14 bytes starting at 0x038a, checksum ok
Programming  14 bytes starting at 0x0398, checksum ok
Programming  14 bytes starting at 0x03a6, checksum ok
Programming   3 bytes starting at 0x03b4, checksum ok
Programming   3 bytes starting at 0x03b7, checksum ok
Programming   2 bytes starting at 0x03ba, checksum ok
Programming  14 bytes starting at 0x03bc, checksum ok
Programming   4 bytes starting at 0x03ca, checksum ok
Programming   5 bytes starting at 0x03ce, checksum ok
Programming   1 byte  starting at 0x03d3, checksum ok
Programming  14 bytes starting at 0x03d4, checksum ok
Programming  14 bytes starting at 0x03e2, checksum ok
Programming  14 bytes starting at 0x03f0, checksum ok
Programming  14 bytes starting at 0x03fe, checksum ok
Programming  14 bytes starting at 0x040c, checksum ok
Programming  14 bytes starting at 0x041a, checksum ok
Programming  14 bytes starting at 0x0428, checksum ok
Programming  14 bytes starting at 0x0436, checksum ok
Programming  14 bytes starting at 0x0444, checksum ok
Programming   2 bytes starting at 0x0452, checksum ok
Programming  14 bytes starting at 0x0454, checksum ok
Programming  14 bytes starting at 0x0462, checksum ok
Programming   8 bytes starting at 0x0470, checksum ok
Programming   7 bytes starting at 0x0478, checksum ok
Programming  14 bytes starting at 0x047f, checksum ok
Programming  14 bytes starting at 0x048d, checksum ok
Programming   5 bytes starting at 0x049b, checksum ok
Programming   1 byte  starting at 0x04a0, checksum ok
Programming   7 bytes starting at 0x04a1, checksum ok
Programming   1 byte  starting at 0x04a8, checksum ok
Programming   7 bytes starting at 0x04a9, checksum ok
Programming   1 byte  starting at 0x04b0, checksum ok
Programming  14 bytes starting at 0x04b1, checksum ok
Programming   3 bytes starting at 0x04bf, checksum ok
Programming   1 byte  starting at 0x04c2, checksum ok
Programming  14 bytes starting at 0xe000, checksum ok
Programming   4 bytes starting at 0xe00e, checksum ok
Programming  10 bytes starting at 0xe012, checksum ok
Programming  14 bytes starting at 0xe01c, checksum ok
Programming  14 bytes starting at 0xe02a, checksum ok
Programming  14 bytes starting at 0xe038, checksum ok
Programming   8 bytes starting at 0xe046, checksum ok
Programming  14 bytes starting at 0xe04e, checksum ok
Programming   4 bytes starting at 0xe05c, checksum ok
Programming  10 bytes starting at 0xe060, checksum ok
Programming  14 bytes starting at 0xe06a, checksum ok
Programming   4 bytes starting at 0xe078, checksum ok
Programming   1 byte  starting at 0xe07c, checksum ok
Programming   2 bytes starting at 0xe07d, checksum ok
Programming   2 bytes starting at 0xe07f, checksum ok
Programming   2 bytes starting at 0xe081, checksum ok
Programming   2 bytes starting at 0xe083, checksum ok
Programming   2 bytes starting at 0xe085, checksum ok
Programming   2 bytes starting at 0xe087, checksum ok
Programming   2 bytes starting at 0xe089, checksum ok
Programming   6 bytes starting at 0xe08c, checksum ok
Programming  14 bytes starting at 0xe092, checksum ok
Programming   8 bytes starting at 0xe0a0, checksum ok
Programming  14 bytes starting at 0xe0a8, checksum ok
Programming   6 bytes starting at 0xe0b6, checksum ok
Programming  14 bytes starting at 0xe0bc, checksum ok
Programming  14 bytes starting at 0xe0ca, checksum ok
Programming   6 bytes starting at 0xe0d8, checksum ok
Programming  14 bytes starting at 0xe0de, checksum ok
Programming  14 bytes starting at 0xe0ec, checksum ok
Programming  14 bytes starting at 0xe0fa, checksum ok
Programming  12 bytes starting at 0xe108, checksum ok
Programming  12 bytes starting at 0xe114, checksum ok
Programming   8 bytes starting at 0x04c3, checksum ok
Programming  13 bytes starting at 0x04cb, checksum ok
Programming  13 bytes starting at 0x04d8, checksum ok
Programming   8 bytes starting at 0x04e5, checksum ok
Programming   1 byte  starting at 0x04ed, checksum ok
Programming  14 bytes starting at 0x04ee, checksum ok
Programming  13 bytes starting at 0x04fc, checksum ok
Programming   1 byte  starting at 0x0509, checksum ok
Programming  14 bytes starting at 0x050a, checksum ok
Programming  14 bytes starting at 0x0518, checksum ok
Programming   9 bytes starting at 0x0526, checksum ok
Programming   1 byte  starting at 0x052f, checksum ok
Programming   6 bytes starting at 0x0bd0, checksum ok
Programming   1 byte  starting at 0x0530, checksum ok
Programming   2 bytes starting at 0x0531, checksum ok
Programming   5 bytes starting at 0x0533, checksum ok
Programming   1 byte  starting at 0x0538, checksum ok
Programming   3 bytes starting at 0x0539, checksum ok
Programming   8 bytes starting at 0x053c, checksum ok
Programming   4 bytes starting at 0x0544, checksum ok
Programming   8 bytes starting at 0x0548, checksum ok
Programming   6 bytes starting at 0x0550, checksum ok
Programming   1 byte  starting at 0x0556, checksum ok
Programming   5 bytes starting at 0x0557, checksum ok
Programming   2 bytes starting at 0x055c, checksum ok
Programming   5 bytes starting at 0x055e, checksum ok
Programming   1 byte  starting at 0x0563, checksum ok
Programming   9 bytes starting at 0x0564, checksum ok
Programming   7 bytes starting at 0x056d, checksum ok
Programming  12 bytes starting at 0x0574, checksum ok
Programming  13 bytes starting at 0x0580, checksum ok
Programming  12 bytes starting at 0x058d, checksum ok
Programming  13 bytes starting at 0x0599, checksum ok
Programming  12 bytes starting at 0x05a6, checksum ok
Programming   9 bytes starting at 0x05b2, checksum ok
Programming   1 byte  starting at 0x05bb, checksum ok
Programming   5 bytes starting at 0x05bc, checksum ok
Programming   2 bytes starting at 0x05c1, checksum ok
Programming   5 bytes starting at 0x05c3, checksum ok
Programming   1 byte  starting at 0x05c8, checksum ok
Programming   6 bytes starting at 0x05c9, checksum ok
Programming   1 byte  starting at 0x05cf, checksum ok
Programming  12 bytes starting at 0x05d0, checksum ok
Programming  13 bytes starting at 0x05dc, checksum ok
Programming  12 bytes starting at 0x05e9, checksum ok
Programming  13 bytes starting at 0x05f5, checksum ok
Programming  12 bytes starting at 0x0602, checksum ok
Programming   9 bytes starting at 0x060e, checksum ok
Programming   1 byte  starting at 0x0617, checksum ok
Programming   5 bytes starting at 0x0618, checksum ok
Programming   2 bytes starting at 0x061d, checksum ok
Programming   5 bytes starting at 0x061f, checksum ok
Programming   1 byte  starting at 0x0624, checksum ok
Programming   6 bytes starting at 0x0625, checksum ok
Programming   1 byte  starting at 0x062b, checksum ok
Programming  12 bytes starting at 0x062c, checksum ok
Programming  13 bytes starting at 0x0638, checksum ok
Programming  12 bytes starting at 0x0645, checksum ok
Programming  13 bytes starting at 0x0651, checksum ok
Programming  12 bytes starting at 0x065e, checksum ok
Programming   9 bytes starting at 0x066a, checksum ok
Programming   1 byte  starting at 0x0673, checksum ok
Programming   8 bytes starting at 0x0674, checksum ok
Programming   6 bytes starting at 0x067c, checksum ok
Programming   4 bytes starting at 0x0682, checksum ok
Programming   3 bytes starting at 0x0686, checksum ok
Programming  13 bytes starting at 0x0689, checksum ok
Programming  14 bytes starting at 0x0696, checksum ok
Programming  13 bytes starting at 0x06a4, checksum ok
Programming  14 bytes starting at 0x06b1, checksum ok
Programming  14 bytes starting at 0x06bf, checksum ok
Programming  14 bytes starting at 0x06cd, checksum ok
Programming  14 bytes starting at 0x06db, checksum ok
Programming  14 bytes starting at 0x06e9, checksum ok
Programming  13 bytes starting at 0x06f7, checksum ok
Programming  14 bytes starting at 0x0704, checksum ok
Programming   9 bytes starting at 0x0712, checksum ok
Programming   1 byte  starting at 0x071b, checksum ok
Programming   6 bytes starting at 0x0bbd, checksum ok
Programming   8 bytes starting at 0x071c, checksum ok
Programming   4 bytes starting at 0x0724, checksum ok
Programming   3 bytes starting at 0x0728, checksum ok
Programming   3 bytes starting at 0x072b, checksum ok
Programming   3 bytes starting at 0x072e, checksum ok
Programming   3 bytes starting at 0x0731, checksum ok
Programming   3 bytes starting at 0x0734, checksum ok
Programming   3 bytes starting at 0x0737, checksum ok
Programming   3 bytes starting at 0x073a, checksum ok
Programming   4 bytes starting at 0x073d, checksum ok
Programming   3 bytes starting at 0x0741, checksum ok
Programming   3 bytes starting at 0x0744, checksum ok
Programming   3 bytes starting at 0x0747, checksum ok
Programming   3 bytes starting at 0x074a, checksum ok
Programming   3 bytes starting at 0x074d, checksum ok
Programming   3 bytes starting at 0x0750, checksum ok
Programming   2 bytes starting at 0x0753, checksum ok
Programming   1 byte  starting at 0x0755, checksum ok
Programming  14 bytes starting at 0x0756, checksum ok
Programming  14 bytes starting at 0x0764, checksum ok
Programming  12 bytes starting at 0x0772, checksum ok
Programming  14 bytes starting at 0x077e, checksum ok
Programming  13 bytes starting at 0x078c, checksum ok
Programming  14 bytes starting at 0x0799, checksum ok
Programming  14 bytes starting at 0x07a7, checksum ok
Programming  10 bytes starting at 0x07b5, checksum ok
Programming  14 bytes starting at 0x07bf, checksum ok
Programming  13 bytes starting at 0x07cd, checksum ok
Programming  14 bytes starting at 0x07da, checksum ok
Programming  14 bytes starting at 0x07e8, checksum ok
Programming  10 bytes starting at 0x07f6, checksum ok
Programming  14 bytes starting at 0x0800, checksum ok
Programming  13 bytes starting at 0x080e, checksum ok
Programming   5 bytes starting at 0x081b, checksum ok
Programming   3 bytes starting at 0x0820, checksum ok
Programming   8 bytes starting at 0x0823, checksum ok
Programming   3 bytes starting at 0x082b, checksum ok
Programming   6 bytes starting at 0x082e, checksum ok
Programming   4 bytes starting at 0x0834, checksum ok
Programming   3 bytes starting at 0x0838, checksum ok
Programming  13 bytes starting at 0x083b, checksum ok
Programming   1 byte  starting at 0x0848, checksum ok
Programming   9 bytes starting at 0x0849, checksum ok
Programming   4 bytes starting at 0x0852, checksum ok
Programming   3 bytes starting at 0x0856, checksum ok
Programming   4 bytes starting at 0x0859, checksum ok
Programming   8 bytes starting at 0x085d, checksum ok
Programming   2 bytes starting at 0x0865, checksum ok
Programming   1 byte  starting at 0x0867, checksum ok
Programming   5 bytes starting at 0x0868, checksum ok
Programming  12 bytes starting at 0x086d, checksum ok
Programming   3 bytes starting at 0x0879, checksum ok
Programming  12 bytes starting at 0x087c, checksum ok
Programming   6 bytes starting at 0x0888, checksum ok
Programming  12 bytes starting at 0x088e, checksum ok
Programming  14 bytes starting at 0x089a, checksum ok
Programming   8 bytes starting at 0x08a8, checksum ok
Programming   1 byte  starting at 0x08b0, checksum ok
Programming  13 bytes starting at 0x08b1, checksum ok
Programming   2 bytes starting at 0x08be, checksum ok
Programming   5 bytes starting at 0x08c0, checksum ok
Programming   5 bytes starting at 0x08c5, checksum ok
Programming   5 bytes starting at 0x08ca, checksum ok
Programming   3 bytes starting at 0x08cf, checksum ok
Programming   6 bytes starting at 0x08d2, checksum ok
Programming  10 bytes starting at 0x08d8, checksum ok
Programming   6 bytes starting at 0x08e2, checksum ok
Programming  13 bytes starting at 0x08e8, checksum ok
Programming   3 bytes starting at 0x08f5, checksum ok
Programming  11 bytes starting at 0x08f8, checksum ok
Programming   5 bytes starting at 0x0903, checksum ok
Programming   5 bytes starting at 0x0908, checksum ok
Programming   5 bytes starting at 0x090d, checksum ok
Programming   3 bytes starting at 0x0912, checksum ok
Programming  12 bytes starting at 0x0915, checksum ok
Programming   8 bytes starting at 0x0921, checksum ok
Programming  12 bytes starting at 0x0929, checksum ok
Programming   8 bytes starting at 0x0935, checksum ok
Programming  10 bytes starting at 0x093d, checksum ok
Programming   5 bytes starting at 0x0947, checksum ok
Programming   5 bytes starting at 0x094c, checksum ok
Programming   5 bytes starting at 0x0951, checksum ok
Programming   5 bytes starting at 0x0956, checksum ok
Programming   3 bytes starting at 0x095b, checksum ok
Programming  12 bytes starting at 0x095e, checksum ok
Programming  11 bytes starting at 0x096a, checksum ok
Programming  12 bytes starting at 0x0975, checksum ok
Programming  11 bytes starting at 0x0981, checksum ok
Programming  12 bytes starting at 0x098c, checksum ok
Programming  11 bytes starting at 0x0998, checksum ok
Programming  12 bytes starting at 0x09a3, checksum ok
Programming  11 bytes starting at 0x09af, checksum ok
Programming  14 bytes starting at 0x09ba, checksum ok
Programming   1 byte  starting at 0x09c8, checksum ok
Programming   6 bytes starting at 0x09c9, checksum ok
Programming  13 bytes starting at 0x09cf, checksum ok
Programming  13 bytes starting at 0x09dc, checksum ok
Programming  14 bytes starting at 0x09e9, checksum ok
Programming   3 bytes starting at 0x09f7, checksum ok
Programming   6 bytes starting at 0x09fa, checksum ok
Programming  13 bytes starting at 0x0a00, checksum ok
Programming   5 bytes starting at 0x0a0d, checksum ok
Programming   5 bytes starting at 0x0a12, checksum ok
Programming  14 bytes starting at 0x0a17, checksum ok
Programming   9 bytes starting at 0x0a25, checksum ok
Programming  14 bytes starting at 0x0a2e, checksum ok
Programming   7 bytes starting at 0x0a3c, checksum ok
Programming  14 bytes starting at 0x0a43, checksum ok
Programming  14 bytes starting at 0x0a51, checksum ok
Programming  14 bytes starting at 0x0a5f, checksum ok
Programming   9 bytes starting at 0x0a6d, checksum ok
Programming   5 bytes starting at 0x0a76, checksum ok
Programming   3 bytes starting at 0x0a7b, checksum ok
Programming   6 bytes starting at 0x0a7e, checksum ok
Programming  12 bytes starting at 0x0a84, checksum ok
Programming   7 bytes starting at 0x0a90, checksum ok
Programming   7 bytes starting at 0x0a97, checksum ok
Programming   6 bytes starting at 0x0a9e, checksum ok
Programming   6 bytes starting at 0x0aa4, checksum ok
Programming   6 bytes starting at 0x0aaa, checksum ok
Programming   6 bytes starting at 0x0ab0, checksum ok
Programming   5 bytes starting at 0x0ab6, checksum ok
Programming   9 bytes starting at 0x0abb, checksum ok
Programming   9 bytes starting at 0x0ac4, checksum ok
Programming  13 bytes starting at 0x0acd, checksum ok
Programming   5 bytes starting at 0x0ada, checksum ok
Programming  10 bytes starting at 0x0adf, checksum ok
Programming   7 bytes starting at 0x0ae9, checksum ok
Programming   2 bytes starting at 0x0af0, checksum ok
Programming  14 bytes starting at 0x0af2, checksum ok
Programming  14 bytes starting at 0x0b00, checksum ok
Programming  14 bytes starting at 0x0b0e, checksum ok
Programming  14 bytes starting at 0x0b1c, checksum ok
Programming  14 bytes starting at 0x0b2a, checksum ok
Programming   6 bytes starting at 0x0b38, checksum ok
Programming   6 bytes starting at 0x0b3e, checksum ok
Programming  11 bytes starting at 0x0b44, checksum ok
Programming  10 bytes starting at 0x0b4f, checksum ok
Programming   5 bytes starting at 0x0b59, checksum ok
Programming   5 bytes starting at 0x0b5e, checksum ok
Programming   7 bytes starting at 0x0b63, checksum ok
Programming   2 bytes starting at 0x0b6a, checksum ok
Programming  14 bytes starting at 0x0b6c, checksum ok
Programming  14 bytes starting at 0x0b7a, checksum ok
Programming  14 bytes starting at 0x0b88, checksum ok
Programming  14 bytes starting at 0x0b96, checksum ok
Programming   3 bytes starting at 0x0ba4, checksum ok
Programming   5 bytes starting at 0x0ba7, checksum ok
Programming   5 bytes starting at 0x0bac, checksum ok
Programming   3 bytes starting at 0x0bb1, checksum ok
Programming   8 bytes starting at 0x0bb4, checksum ok
Programming   1 byte  starting at 0x0bbc, checksum ok
Programming   3 bytes starting at 0x0bc3, checksum ok
Programming  10 bytes starting at 0x0bc6, checksum ok
End of file
../fx2-programmer-lite-2.1-win32/fx2-programmer 0x16C0 0x072F set 0xE600 0
bus-0/\\.\libusb0-0001--0x16c0-0x072f 16C0/072F
Using device vendor id 0x16c0 product id 0x072f
